<!--
  The Ohio State University Research Foundation, Emory University,
  the University of Minnesota Supercomputing Institute

  Distributed under the OSI-approved BSD 3-Clause License.
  See http://ncip.github.com/cagrid-grid-incubation/LICENSE.txt for details.
-->
<!--
-->
<?xml version="1.0" encoding="UTF-8" ?>
<testsuite errors="0" failures="0" hostname="BMITest-PC" name="org.cagrid.redcap.processor.test.RedcapQueryProcessorTest" tests="1" time="0.951" timestamp="2010-02-24T02:14:22">
  <properties>
[...]
</properties>
  <testcase classname="org.cagrid.redcap.processor.test.RedcapQueryProcessorTest" name="testValidateCqlStructure" time="0.576" />
  <system-out><![CDATA[]]></system-out>
  <system-err><![CDATA[]]></system-err>
</testsuite>
