<!--
  The Ohio State University Research Foundation, Emory University,
  the University of Minnesota Supercomputing Institute

  Distributed under the OSI-approved BSD 3-Clause License.
  See http://ncip.github.com/cagrid-grid-incubation/LICENSE.txt for details.
-->
<!--
-->
<?xml version="1.0" encoding="UTF-8" ?>
<testsuite errors="0" failures="0" name="edu.umn.msi.cagrid.introduce.interfaces.MethodBodyTestCase" tests="6" time="0.052">
  <properties>
[...]
</properties>
  <testcase classname="edu.umn.msi.cagrid.introduce.interfaces.MethodBodyTestCase" name="testBoundary" time="0.045"></testcase>
  <testcase classname="edu.umn.msi.cagrid.introduce.interfaces.MethodBodyTestCase" name="testContains" time="0.0010"></testcase>
  <testcase classname="edu.umn.msi.cagrid.introduce.interfaces.MethodBodyTestCase" name="testIdentation" time="0.0"></testcase>
  <testcase classname="edu.umn.msi.cagrid.introduce.interfaces.MethodBodyTestCase" name="testAppend" time="0.0"></testcase>
  <testcase classname="edu.umn.msi.cagrid.introduce.interfaces.MethodBodyTestCase" name="testPrepend" time="0.0"></testcase>
  <testcase classname="edu.umn.msi.cagrid.introduce.interfaces.MethodBodyTestCase" name="testSetMethodBody" time="0.0"></testcase>
  <system-out><![CDATA[]]></system-out>
  <system-err><![CDATA[]]></system-err>
</testsuite>
